<?xml version="1.0" encoding="UTF-8"?>
<coverage generated="1499786519213" clover="3.2.0">
  <project timestamp="1499786519213" name="All files">
    <metrics statements="51" coveredstatements="45" conditionals="24" coveredconditionals="12" methods="13" coveredmethods="7" elements="88" coveredelements="64" complexity="0" loc="51" ncloc="51" packages="3" files="3" classes="3">
      <package name="shared">
        <metrics statements="27" coveredstatements="21" conditionals="14" coveredconditionals="2" methods="7" coveredmethods="1"/>
        <file name="routes.js" path="/Users/wildporpoise/Documents/boilerplate/src/shared/routes.js">
          <metrics statements="27" coveredstatements="21" conditionals="14" coveredconditionals="2" methods="7" coveredmethods="1"/>
          <line num="1" count="3" type="stmt"/>
          <line num="2" count="3" type="stmt"/>
          <line num="3" count="3" type="stmt"/>
          <line num="4" count="3" type="stmt"/>
          <line num="7" count="8" type="cond" truecount="2" falsecount="0"/>
          <line num="9" count="3" type="stmt"/>
          <line num="10" count="3" type="stmt"/>
          <line num="11" count="3" type="stmt"/>
          <line num="12" count="3" type="stmt"/>
          <line num="13" count="3" type="stmt"/>
          <line num="15" count="3" type="stmt"/>
          <line num="16" count="3" type="stmt"/>
          <line num="17" count="3" type="stmt"/>
          <line num="18" count="3" type="stmt"/>
          <line num="19" count="3" type="stmt"/>
          <line num="21" count="3" type="stmt"/>
          <line num="22" count="0" type="cond" truecount="0" falsecount="2"/>
          <line num="24" count="3" type="stmt"/>
          <line num="25" count="0" type="cond" truecount="0" falsecount="2"/>
          <line num="27" count="3" type="stmt"/>
          <line num="28" count="0" type="cond" truecount="0" falsecount="2"/>
          <line num="30" count="3" type="stmt"/>
          <line num="31" count="0" type="cond" truecount="0" falsecount="2"/>
          <line num="33" count="3" type="stmt"/>
          <line num="34" count="0" type="cond" truecount="0" falsecount="2"/>
          <line num="36" count="3" type="stmt"/>
          <line num="37" count="0" type="cond" truecount="0" falsecount="2"/>
        </file>
      </package>
      <package name="shared.action">
        <metrics statements="16" coveredstatements="16" conditionals="4" coveredconditionals="4" methods="5" coveredmethods="5"/>
        <file name="hello.js" path="/Users/wildporpoise/Documents/boilerplate/src/shared/action/hello.js">
          <metrics statements="16" coveredstatements="16" conditionals="4" coveredconditionals="4" methods="5" coveredmethods="5"/>
          <line num="6" count="2" type="stmt"/>
          <line num="7" count="2" type="stmt"/>
          <line num="8" count="2" type="stmt"/>
          <line num="9" count="2" type="stmt"/>
          <line num="11" count="2" type="stmt"/>
          <line num="12" count="2" type="stmt"/>
          <line num="13" count="2" type="stmt"/>
          <line num="14" count="2" type="stmt"/>
          <line num="16" count="3" type="stmt"/>
          <line num="17" count="3" type="stmt"/>
          <line num="18" count="3" type="stmt"/>
          <line num="20" count="3" type="cond" truecount="2" falsecount="0"/>
          <line num="21" count="2" type="stmt"/>
          <line num="24" count="2" type="cond" truecount="2" falsecount="0"/>
          <line num="25" count="1" type="stmt"/>
          <line num="28" count="2" type="stmt"/>
        </file>
      </package>
      <package name="shared.reducer">
        <metrics statements="8" coveredstatements="8" conditionals="6" coveredconditionals="6" methods="1" coveredmethods="1"/>
        <file name="hello.js" path="/Users/wildporpoise/Documents/boilerplate/src/shared/reducer/hello.js">
          <metrics statements="8" coveredstatements="8" conditionals="6" coveredconditionals="6" methods="1" coveredmethods="1"/>
          <line num="3" count="1" type="stmt"/>
          <line num="8" count="1" type="cond" truecount="1" falsecount="0"/>
          <line num="9" count="9" type="cond" truecount="5" falsecount="0"/>
          <line num="11" count="1" type="stmt"/>
          <line num="13" count="1" type="stmt"/>
          <line num="15" count="1" type="stmt"/>
          <line num="17" count="1" type="stmt"/>
          <line num="19" count="5" type="stmt"/>
        </file>
      </package>
    </metrics>
  </project>
</coverage>
