{"/Users/wildporpoise/Documents/boilerplate/src/shared/routes.js": {"path":"/Users/wildporpoise/Documents/boilerplate/src/shared/routes.js","statementMap":{"0":{"start":{"line":1,"column":31},"end":{"line":1,"column":34}},"1":{"start":{"line":2,"column":32},"end":{"line":2,"column":40}},"2":{"start":{"line":3,"column":38},"end":{"line":3,"column":52}},"3":{"start":{"line":4,"column":41},"end":{"line":4,"column":47}},"4":{"start":{"line":7,"column":34},"end":{"line":7,"column":71}},"5":{"start":{"line":7,"column":41},"end":{"line":7,"column":71}}},"fnMap":{"0":{"name":"(anonymous_0)","decl":{"start":{"line":7,"column":34},"end":{"line":7,"column":35}},"loc":{"start":{"line":7,"column":41},"end":{"line":7,"column":71}},"line":7}},"branchMap":{"0":{"loc":{"start":{"line":7,"column":56},"end":{"line":7,"column":69}},"type":"binary-expr","locations":[{"start":{"line":7,"column":56},"end":{"line":7,"column":59}},{"start":{"line":7,"column":63},"end":{"line":7,"column":69}}],"line":7}},"s":{"0":3,"1":3,"2":3,"3":3,"4":3,"5":8},"f":{"0":8},"b":{"0":[8,1]},"_coverageSchema":"332fd63041d2c1bcb487cc26dd0d5f7d97098a6c","hash":"54fee876b1610e516e23ffc0b5b45fcf59d47a37"}
,"/Users/wildporpoise/Documents/boilerplate/src/shared/action/hello.js": {"path":"/Users/wildporpoise/Documents/boilerplate/src/shared/action/hello.js","statementMap":{"0":{"start":{"line":6,"column":25},"end":{"line":6,"column":36}},"1":{"start":{"line":7,"column":39},"end":{"line":7,"column":64}},"2":{"start":{"line":8,"column":39},"end":{"line":8,"column":64}},"3":{"start":{"line":9,"column":39},"end":{"line":9,"column":64}},"4":{"start":{"line":11,"column":24},"end":{"line":11,"column":47}},"5":{"start":{"line":12,"column":36},"end":{"line":12,"column":73}},"6":{"start":{"line":13,"column":36},"end":{"line":13,"column":73}},"7":{"start":{"line":14,"column":36},"end":{"line":14,"column":73}},"8":{"start":{"line":16,"column":29},"end":{"line":30,"column":1}},"9":{"start":{"line":16,"column":36},"end":{"line":30,"column":1}},"10":{"start":{"line":17,"column":2},"end":{"line":17,"column":34}},"11":{"start":{"line":18,"column":2},"end":{"line":29,"column":6}},"12":{"start":{"line":20,"column":6},"end":{"line":20,"column":46}},"13":{"start":{"line":20,"column":19},"end":{"line":20,"column":46}},"14":{"start":{"line":21,"column":6},"end":{"line":21,"column":23}},"15":{"start":{"line":24,"column":6},"end":{"line":24,"column":65}},"16":{"start":{"line":24,"column":31},"end":{"line":24,"column":65}},"17":{"start":{"line":25,"column":6},"end":{"line":25,"column":56}},"18":{"start":{"line":28,"column":6},"end":{"line":28,"column":38}}},"fnMap":{"0":{"name":"(anonymous_0)","decl":{"start":{"line":16,"column":29},"end":{"line":16,"column":30}},"loc":{"start":{"line":16,"column":36},"end":{"line":30,"column":1}},"line":16},"1":{"name":"(anonymous_1)","decl":{"start":{"line":16,"column":36},"end":{"line":16,"column":37}},"loc":{"start":{"line":16,"column":50},"end":{"line":30,"column":1}},"line":16},"2":{"name":"(anonymous_2)","decl":{"start":{"line":19,"column":10},"end":{"line":19,"column":11}},"loc":{"start":{"line":19,"column":19},"end":{"line":22,"column":5}},"line":19},"3":{"name":"(anonymous_3)","decl":{"start":{"line":23,"column":10},"end":{"line":23,"column":11}},"loc":{"start":{"line":23,"column":20},"end":{"line":26,"column":5}},"line":23},"4":{"name":"(anonymous_4)","decl":{"start":{"line":27,"column":11},"end":{"line":27,"column":12}},"loc":{"start":{"line":27,"column":17},"end":{"line":29,"column":5}},"line":27}},"branchMap":{"0":{"loc":{"start":{"line":20,"column":6},"end":{"line":20,"column":46}},"type":"if","locations":[{"start":{"line":20,"column":6},"end":{"line":20,"column":46}},{"start":{"line":20,"column":6},"end":{"line":20,"column":46}}],"line":20},"1":{"loc":{"start":{"line":24,"column":6},"end":{"line":24,"column":65}},"type":"if","locations":[{"start":{"line":24,"column":6},"end":{"line":24,"column":65}},{"start":{"line":24,"column":6},"end":{"line":24,"column":65}}],"line":24}},"s":{"0":2,"1":2,"2":2,"3":2,"4":2,"5":2,"6":2,"7":2,"8":2,"9":3,"10":3,"11":3,"12":3,"13":1,"14":2,"15":2,"16":1,"17":1,"18":2},"f":{"0":3,"1":3,"2":3,"3":2,"4":2},"b":{"0":[1,2],"1":[1,1]},"_coverageSchema":"332fd63041d2c1bcb487cc26dd0d5f7d97098a6c","hash":"e01ef6a62559ec7ca1ae9c0b3cded5f4872cf246"}
,"/Users/wildporpoise/Documents/boilerplate/src/shared/reducer/hello.js": {"path":"/Users/wildporpoise/Documents/boilerplate/src/shared/reducer/hello.js","statementMap":{"0":{"start":{"line":3,"column":21},"end":{"line":6,"column":1}},"1":{"start":{"line":8,"column":21},"end":{"line":21,"column":1}},"2":{"start":{"line":9,"column":2},"end":{"line":20,"column":3}},"3":{"start":{"line":11,"column":6},"end":{"line":11,"column":50}},"4":{"start":{"line":13,"column":6},"end":{"line":13,"column":53}},"5":{"start":{"line":15,"column":6},"end":{"line":15,"column":55}},"6":{"start":{"line":17,"column":6},"end":{"line":17,"column":108}},"7":{"start":{"line":19,"column":6},"end":{"line":19,"column":18}}},"fnMap":{"0":{"name":"(anonymous_0)","decl":{"start":{"line":8,"column":21},"end":{"line":8,"column":22}},"loc":{"start":{"line":8,"column":55},"end":{"line":21,"column":1}},"line":8}},"branchMap":{"0":{"loc":{"start":{"line":8,"column":22},"end":{"line":8,"column":42}},"type":"default-arg","locations":[{"start":{"line":8,"column":30},"end":{"line":8,"column":42}}],"line":8},"1":{"loc":{"start":{"line":9,"column":2},"end":{"line":20,"column":3}},"type":"switch","locations":[{"start":{"line":10,"column":4},"end":{"line":11,"column":50}},{"start":{"line":12,"column":4},"end":{"line":13,"column":53}},{"start":{"line":14,"column":4},"end":{"line":15,"column":55}},{"start":{"line":16,"column":4},"end":{"line":17,"column":108}},{"start":{"line":18,"column":4},"end":{"line":19,"column":18}}],"line":9}},"s":{"0":1,"1":1,"2":9,"3":1,"4":1,"5":1,"6":1,"7":5},"f":{"0":9},"b":{"0":[5],"1":[1,1,1,1,5]},"_coverageSchema":"332fd63041d2c1bcb487cc26dd0d5f7d97098a6c","hash":"1c524bf7f4b200bf8f85c017a19ca749f6f59fd0"}
}
